{
  "stats": {
    "suites": 1,
    "tests": 1,
    "passes": 0,
    "pending": 0,
    "failures": 1,
    "start": "2017-04-22T01:38:36.962Z",
    "end": "2017-04-22T01:38:41.009Z",
    "duration": 4047,
    "testsRegistered": 1,
    "passPercent": 0,
    "pendingPercent": 0,
    "other": 0,
    "hasOther": false,
    "skipped": 0,
    "hasSkipped": false,
    "passPercentClass": "danger",
    "pendingPercentClass": "danger"
  },
  "suites": {
    "title": "",
    "suites": [
      {
        "title": "Github repo search test",
        "suites": [],
        "tests": [
          {
            "title": "should fail",
            "fullTitle": "Github repo search test should fail",
            "timedOut": false,
            "duration": 2878,
            "state": "failed",
            "pass": false,
            "fail": true,
            "pending": false,
            "context": "\"file:////Users/daniellee/Projects/webdriverjs-framework-template-es6/mochawesome-reports/1492825120581.png\"",
            "code": "var githubPage = new _github2.default(_mochaBase.driver);\nreturn githubPage.open().then(function () {\n  return _chai.assert.fail();\n});",
            "err": {
              "name": "AssertionError",
              "message": "assert.fail()",
              "showDiff": false,
              "estack": "AssertionError: assert.fail()\n    at test/mocha-selenium-chai.js:19:26\n    at ManagedPromise.invokeCallback_ (node_modules/selenium-webdriver/lib/promise.js:1384:14)\n    at TaskQueue.execute_ (node_modules/selenium-webdriver/lib/promise.js:3092:14)\n    at TaskQueue.executeNext_ (node_modules/selenium-webdriver/lib/promise.js:3075:27)\n    at asyncRun (node_modules/selenium-webdriver/lib/promise.js:2935:27)\n    at node_modules/selenium-webdriver/lib/promise.js:676:7\n    at process._tickCallback (internal/process/next_tick.js:109:7)",
              "stack": "AssertionError: assert.fail()\n    at test/mocha-selenium-chai.js:19:26\n    at ManagedPromise.invokeCallback_ (node_modules/selenium-webdriver/lib/promise.js:1384:14)\n    at TaskQueue.execute_ (node_modules/selenium-webdriver/lib/promise.js:3092:14)\n    at TaskQueue.executeNext_ (node_modules/selenium-webdriver/lib/promise.js:3075:27)\n    at asyncRun (node_modules/selenium-webdriver/lib/promise.js:2935:27)\n    at node_modules/selenium-webdriver/lib/promise.js:676:7\n    at process._tickCallback (internal/process/next_tick.js:109:7)"
            },
            "isRoot": false,
            "uuid": "f5aff028-d43a-4a7a-80a0-4335e2c590c7",
            "parentUUID": "b879b6af-9428-4af2-b9a0-5c8b623d2a33",
            "skipped": false
          }
        ],
        "pending": [],
        "root": false,
        "_timeout": 10000,
        "file": "/test/mocha-selenium-chai.js",
        "uuid": "b879b6af-9428-4af2-b9a0-5c8b623d2a33",
        "fullFile": "/Users/daniellee/Projects/webdriverjs-framework-template-es6/test/mocha-selenium-chai.js",
        "passes": [],
        "failures": [
          {
            "title": "should fail",
            "fullTitle": "Github repo search test should fail",
            "timedOut": false,
            "duration": 2878,
            "state": "failed",
            "pass": false,
            "fail": true,
            "pending": false,
            "context": "\"file:////Users/daniellee/Projects/webdriverjs-framework-template-es6/mochawesome-reports/1492825120581.png\"",
            "code": "var githubPage = new _github2.default(_mochaBase.driver);\nreturn githubPage.open().then(function () {\n  return _chai.assert.fail();\n});",
            "err": {
              "name": "AssertionError",
              "message": "assert.fail()",
              "showDiff": false,
              "estack": "AssertionError: assert.fail()\n    at test/mocha-selenium-chai.js:19:26\n    at ManagedPromise.invokeCallback_ (node_modules/selenium-webdriver/lib/promise.js:1384:14)\n    at TaskQueue.execute_ (node_modules/selenium-webdriver/lib/promise.js:3092:14)\n    at TaskQueue.executeNext_ (node_modules/selenium-webdriver/lib/promise.js:3075:27)\n    at asyncRun (node_modules/selenium-webdriver/lib/promise.js:2935:27)\n    at node_modules/selenium-webdriver/lib/promise.js:676:7\n    at process._tickCallback (internal/process/next_tick.js:109:7)",
              "stack": "AssertionError: assert.fail()\n    at test/mocha-selenium-chai.js:19:26\n    at ManagedPromise.invokeCallback_ (node_modules/selenium-webdriver/lib/promise.js:1384:14)\n    at TaskQueue.execute_ (node_modules/selenium-webdriver/lib/promise.js:3092:14)\n    at TaskQueue.executeNext_ (node_modules/selenium-webdriver/lib/promise.js:3075:27)\n    at asyncRun (node_modules/selenium-webdriver/lib/promise.js:2935:27)\n    at node_modules/selenium-webdriver/lib/promise.js:676:7\n    at process._tickCallback (internal/process/next_tick.js:109:7)"
            },
            "isRoot": false,
            "uuid": "f5aff028-d43a-4a7a-80a0-4335e2c590c7",
            "parentUUID": "b879b6af-9428-4af2-b9a0-5c8b623d2a33",
            "skipped": false
          }
        ],
        "skipped": [],
        "hasTests": true,
        "hasSuites": false,
        "totalTests": 1,
        "totalPasses": 0,
        "totalFailures": 1,
        "totalPending": 0,
        "totalSkipped": 0,
        "hasPasses": false,
        "hasFailures": true,
        "hasPending": false,
        "hasSkipped": false,
        "duration": 2878,
        "rootEmpty": false
      }
    ],
    "tests": [],
    "pending": [],
    "root": true,
    "_timeout": 10000,
    "uuid": "7e8bddaa-3f8d-4151-9e4c-507b25f9aee4",
    "fullFile": "",
    "file": "",
    "passes": [],
    "failures": [],
    "skipped": [],
    "hasTests": false,
    "hasSuites": true,
    "totalTests": 0,
    "totalPasses": 0,
    "totalFailures": 0,
    "totalPending": 0,
    "totalSkipped": 0,
    "hasPasses": false,
    "hasFailures": false,
    "hasPending": false,
    "hasSkipped": false,
    "duration": 0,
    "rootEmpty": true
  },
  "allTests": [
    {
      "title": "should fail",
      "fullTitle": "Github repo search test should fail",
      "timedOut": false,
      "duration": 2878,
      "state": "failed",
      "pass": false,
      "fail": true,
      "pending": false,
      "context": "\"file:////Users/daniellee/Projects/webdriverjs-framework-template-es6/mochawesome-reports/1492825120581.png\"",
      "code": "var githubPage = new _github2.default(_mochaBase.driver);\nreturn githubPage.open().then(function () {\n  return _chai.assert.fail();\n});",
      "err": {
        "name": "AssertionError",
        "message": "assert.fail()",
        "showDiff": false,
        "estack": "AssertionError: assert.fail()\n    at test/mocha-selenium-chai.js:19:26\n    at ManagedPromise.invokeCallback_ (node_modules/selenium-webdriver/lib/promise.js:1384:14)\n    at TaskQueue.execute_ (node_modules/selenium-webdriver/lib/promise.js:3092:14)\n    at TaskQueue.executeNext_ (node_modules/selenium-webdriver/lib/promise.js:3075:27)\n    at asyncRun (node_modules/selenium-webdriver/lib/promise.js:2935:27)\n    at node_modules/selenium-webdriver/lib/promise.js:676:7\n    at process._tickCallback (internal/process/next_tick.js:109:7)",
        "stack": "AssertionError: assert.fail()\n    at test/mocha-selenium-chai.js:19:26\n    at ManagedPromise.invokeCallback_ (node_modules/selenium-webdriver/lib/promise.js:1384:14)\n    at TaskQueue.execute_ (node_modules/selenium-webdriver/lib/promise.js:3092:14)\n    at TaskQueue.executeNext_ (node_modules/selenium-webdriver/lib/promise.js:3075:27)\n    at asyncRun (node_modules/selenium-webdriver/lib/promise.js:2935:27)\n    at node_modules/selenium-webdriver/lib/promise.js:676:7\n    at process._tickCallback (internal/process/next_tick.js:109:7)"
      },
      "isRoot": false,
      "uuid": "f5aff028-d43a-4a7a-80a0-4335e2c590c7",
      "parentUUID": "b879b6af-9428-4af2-b9a0-5c8b623d2a33",
      "skipped": false
    }
  ],
  "allPending": [],
  "allPasses": [],
  "allFailures": [
    {
      "title": "should fail",
      "fullTitle": "Github repo search test should fail",
      "timedOut": false,
      "duration": 2878,
      "state": "failed",
      "pass": false,
      "fail": true,
      "pending": false,
      "context": "\"file:////Users/daniellee/Projects/webdriverjs-framework-template-es6/mochawesome-reports/1492825120581.png\"",
      "code": "var githubPage = new _github2.default(_mochaBase.driver);\nreturn githubPage.open().then(function () {\n  return _chai.assert.fail();\n});",
      "err": {
        "name": "AssertionError",
        "message": "assert.fail()",
        "showDiff": false,
        "estack": "AssertionError: assert.fail()\n    at test/mocha-selenium-chai.js:19:26\n    at ManagedPromise.invokeCallback_ (node_modules/selenium-webdriver/lib/promise.js:1384:14)\n    at TaskQueue.execute_ (node_modules/selenium-webdriver/lib/promise.js:3092:14)\n    at TaskQueue.executeNext_ (node_modules/selenium-webdriver/lib/promise.js:3075:27)\n    at asyncRun (node_modules/selenium-webdriver/lib/promise.js:2935:27)\n    at node_modules/selenium-webdriver/lib/promise.js:676:7\n    at process._tickCallback (internal/process/next_tick.js:109:7)",
        "stack": "AssertionError: assert.fail()\n    at test/mocha-selenium-chai.js:19:26\n    at ManagedPromise.invokeCallback_ (node_modules/selenium-webdriver/lib/promise.js:1384:14)\n    at TaskQueue.execute_ (node_modules/selenium-webdriver/lib/promise.js:3092:14)\n    at TaskQueue.executeNext_ (node_modules/selenium-webdriver/lib/promise.js:3075:27)\n    at asyncRun (node_modules/selenium-webdriver/lib/promise.js:2935:27)\n    at node_modules/selenium-webdriver/lib/promise.js:676:7\n    at process._tickCallback (internal/process/next_tick.js:109:7)"
      },
      "isRoot": false,
      "uuid": "f5aff028-d43a-4a7a-80a0-4335e2c590c7",
      "parentUUID": "b879b6af-9428-4af2-b9a0-5c8b623d2a33",
      "skipped": false
    }
  ],
  "copyrightYear": 2017
}